{"/media/sf_classes/sem 8/simple-node/server.js":{"path":"/media/sf_classes/sem 8/simple-node/server.js","s":{"1":1,"2":1,"3":1,"4":1,"5":1,"6":1,"7":1,"8":1,"9":1,"10":0,"11":1},"b":{"1":[1,0]},"f":{"1":1,"2":1},"fnMap":{"1":{"name":"(anonymous_1)","line":6,"loc":{"start":{"line":6,"column":28},"end":{"line":6,"column":46}}},"2":{"name":"(anonymous_2)","line":9,"loc":{"start":{"line":9,"column":22},"end":{"line":9,"column":39}}}},"statementMap":{"1":{"start":{"line":2,"column":0},"end":{"line":2,"column":43}},"2":{"start":{"line":3,"column":0},"end":{"line":3,"column":33}},"3":{"start":{"line":4,"column":0},"end":{"line":4,"column":31}},"4":{"start":{"line":6,"column":0},"end":{"line":20,"column":3}},"5":{"start":{"line":7,"column":1},"end":{"line":7,"column":44}},"6":{"start":{"line":9,"column":1},"end":{"line":19,"column":4}},"7":{"start":{"line":10,"column":2},"end":{"line":10,"column":56}},"8":{"start":{"line":12,"column":2},"end":{"line":16,"column":3}},"9":{"start":{"line":13,"column":3},"end":{"line":13,"column":25}},"10":{"start":{"line":15,"column":3},"end":{"line":15,"column":25}},"11":{"start":{"line":18,"column":2},"end":{"line":18,"column":28}}},"branchMap":{"1":{"line":12,"type":"if","locations":[{"start":{"line":12,"column":2},"end":{"line":12,"column":2}},{"start":{"line":12,"column":2},"end":{"line":12,"column":2}}]}}}}